2024-12-03 22:20:03,231 - INFO - Using device: cpu
2024-12-03 22:20:03,235 - INFO - Loading NLP models...
2024-12-03 22:22:22,295 - INFO - Processing file: data/input/academic_1.txt
2024-12-03 22:22:22,358 - INFO - Split into 6 chunks
2024-12-03 22:22:31,632 - INFO - Successfully processed data/input/academic_1.txt
2024-12-03 22:22:31,633 - INFO - Processing file: data/input/academic_2.txt
2024-12-03 22:22:31,675 - INFO - Split into 6 chunks
2024-12-03 22:22:40,672 - INFO - Successfully processed data/input/academic_2.txt
2024-12-03 22:22:40,674 - INFO - Processing file: data/input/academic_3.txt
2024-12-03 22:22:40,715 - INFO - Split into 6 chunks
2024-12-03 22:22:49,978 - INFO - Successfully processed data/input/academic_3.txt
2024-12-03 22:22:49,980 - INFO - Processing file: data/input/narrative_1.txt
2024-12-03 22:22:50,023 - INFO - Split into 6 chunks
2024-12-03 22:22:59,177 - INFO - Successfully processed data/input/narrative_1.txt
2024-12-03 22:22:59,178 - INFO - Processing file: data/input/narrative_2.txt
2024-12-03 22:22:59,218 - INFO - Split into 6 chunks
2024-12-03 22:23:08,510 - INFO - Successfully processed data/input/narrative_2.txt
2024-12-03 22:23:08,511 - INFO - Processing file: data/input/narrative_3.txt
2024-12-03 22:23:08,552 - INFO - Split into 6 chunks
2024-12-03 22:23:18,540 - INFO - Successfully processed data/input/narrative_3.txt
2024-12-03 22:23:18,542 - INFO - Processing file: data/input/sermonic_1.txt
2024-12-03 22:23:18,588 - INFO - Split into 6 chunks
2024-12-03 22:23:28,170 - INFO - Successfully processed data/input/sermonic_1.txt
2024-12-03 22:23:28,172 - INFO - Processing file: data/input/sermonic_2.txt
2024-12-03 22:23:28,212 - INFO - Split into 6 chunks
2024-12-03 22:23:38,292 - INFO - Successfully processed data/input/sermonic_2.txt
2024-12-03 22:23:38,294 - INFO - Processing file: data/input/sermonic_3.txt
2024-12-03 22:23:38,335 - INFO - Split into 6 chunks
2024-12-03 22:23:49,440 - INFO - Successfully processed data/input/sermonic_3.txt
2024-12-03 23:36:46,635 - INFO - Using device: cpu
2024-12-03 23:36:46,638 - INFO - Loading NLP models...
